<?xml version="1.0" encoding="UTF-8"?>
<coverage generated="1759387615579" clover="3.2.0">
  <project timestamp="1759387615579" name="All files">
    <metrics statements="175" coveredstatements="127" conditionals="38" coveredconditionals="20" methods="15" coveredmethods="10" elements="228" coveredelements="157" complexity="0" loc="175" ncloc="175" packages="5" files="8" classes="8"/>
    <package name="servers-databases-LinaAllahham">
      <metrics statements="31" coveredstatements="26" conditionals="4" coveredconditionals="2" methods="2" coveredmethods="1"/>
      <file name="server.js" path="C:\Users\mwsou\OneDrive\Documents\servers-databases-LinaAllahham\server.js">
        <metrics statements="31" coveredstatements="26" conditionals="4" coveredconditionals="2" methods="2" coveredmethods="1"/>
        <line num="1" count="1" type="stmt"/>
        <line num="2" count="1" type="stmt"/>
        <line num="3" count="1" type="stmt"/>
        <line num="4" count="1" type="stmt"/>
        <line num="6" count="1" type="stmt"/>
        <line num="7" count="1" type="stmt"/>
        <line num="14" count="1" type="stmt"/>
        <line num="15" count="1" type="stmt"/>
        <line num="16" count="1" type="stmt"/>
        <line num="20" count="1" type="stmt"/>
        <line num="22" count="1" type="stmt"/>
        <line num="26" count="1" type="stmt"/>
        <line num="30" count="1" type="stmt"/>
        <line num="34" count="1" type="stmt"/>
        <line num="35" count="1" type="stmt"/>
        <line num="38" count="1" type="stmt"/>
        <line num="42" count="1" type="stmt"/>
        <line num="43" count="1" type="stmt"/>
        <line num="50" count="1" type="stmt"/>
        <line num="56" count="1" type="stmt"/>
        <line num="62" count="1" type="stmt"/>
        <line num="63" count="1" type="stmt"/>
        <line num="64" count="1" type="stmt"/>
        <line num="74" count="1" type="cond" truecount="1" falsecount="1"/>
        <line num="75" count="0" type="stmt"/>
        <line num="76" count="0" type="stmt"/>
        <line num="81" count="0" type="stmt"/>
        <line num="86" count="1" type="cond" truecount="1" falsecount="1"/>
        <line num="87" count="0" type="stmt"/>
        <line num="88" count="0" type="stmt"/>
        <line num="95" count="1" type="stmt"/>
      </file>
    </package>
    <package name="servers-databases-LinaAllahham.config">
      <metrics statements="5" coveredstatements="5" conditionals="0" coveredconditionals="0" methods="0" coveredmethods="0"/>
      <file name="db.js" path="C:\Users\mwsou\OneDrive\Documents\servers-databases-LinaAllahham\config\db.js">
        <metrics statements="5" coveredstatements="5" conditionals="0" coveredconditionals="0" methods="0" coveredmethods="0"/>
        <line num="13" count="1" type="stmt"/>
        <line num="14" count="1" type="stmt"/>
        <line num="17" count="1" type="stmt"/>
        <line num="30" count="1" type="stmt"/>
        <line num="33" count="1" type="stmt"/>
      </file>
    </package>
    <package name="servers-databases-LinaAllahham.models">
      <metrics statements="13" coveredstatements="13" conditionals="2" coveredconditionals="1" methods="1" coveredmethods="1"/>
      <file name="Author.js" path="C:\Users\mwsou\OneDrive\Documents\servers-databases-LinaAllahham\models\Author.js">
        <metrics statements="4" coveredstatements="4" conditionals="0" coveredconditionals="0" methods="0" coveredmethods="0"/>
        <line num="1" count="1" type="stmt"/>
        <line num="2" count="1" type="stmt"/>
        <line num="4" count="1" type="stmt"/>
        <line num="19" count="1" type="stmt"/>
      </file>
      <file name="Book.js" path="C:\Users\mwsou\OneDrive\Documents\servers-databases-LinaAllahham\models\Book.js">
        <metrics statements="9" coveredstatements="9" conditionals="2" coveredconditionals="1" methods="1" coveredmethods="1"/>
        <line num="1" count="1" type="stmt"/>
        <line num="2" count="1" type="stmt"/>
        <line num="3" count="1" type="stmt"/>
        <line num="5" count="1" type="stmt"/>
        <line num="21" count="5" type="stmt"/>
        <line num="22" count="5" type="cond" truecount="1" falsecount="1"/>
        <line num="41" count="1" type="stmt"/>
        <line num="42" count="1" type="stmt"/>
        <line num="44" count="1" type="stmt"/>
      </file>
    </package>
    <package name="servers-databases-LinaAllahham.routes">
      <metrics statements="123" coveredstatements="81" conditionals="32" coveredconditionals="17" methods="11" coveredmethods="8"/>
      <file name="authors.js" path="C:\Users\mwsou\OneDrive\Documents\servers-databases-LinaAllahham\routes\authors.js">
        <metrics statements="51" coveredstatements="34" conditionals="10" coveredconditionals="5" methods="5" coveredmethods="4"/>
        <line num="150" count="1" type="stmt"/>
        <line num="151" count="1" type="stmt"/>
        <line num="152" count="1" type="stmt"/>
        <line num="155" count="1" type="stmt"/>
        <line num="156" count="0" type="stmt"/>
        <line num="157" count="0" type="stmt"/>
        <line num="158" count="0" type="stmt"/>
        <line num="160" count="0" type="stmt"/>
        <line num="161" count="0" type="stmt"/>
        <line num="166" count="1" type="stmt"/>
        <line num="167" count="1" type="stmt"/>
        <line num="168" count="1" type="stmt"/>
        <line num="169" count="1" type="stmt"/>
        <line num="171" count="1" type="cond" truecount="1" falsecount="1"/>
        <line num="172" count="0" type="stmt"/>
        <line num="175" count="1" type="stmt"/>
        <line num="177" count="0" type="stmt"/>
        <line num="178" count="0" type="stmt"/>
        <line num="183" count="1" type="stmt"/>
        <line num="184" count="1" type="stmt"/>
        <line num="185" count="1" type="stmt"/>
        <line num="188" count="1" type="cond" truecount="1" falsecount="1"/>
        <line num="189" count="0" type="stmt"/>
        <line num="193" count="1" type="stmt"/>
        <line num="198" count="1" type="stmt"/>
        <line num="200" count="0" type="stmt"/>
        <line num="201" count="0" type="stmt"/>
        <line num="206" count="1" type="stmt"/>
        <line num="207" count="1" type="stmt"/>
        <line num="208" count="1" type="stmt"/>
        <line num="209" count="1" type="stmt"/>
        <line num="211" count="1" type="stmt"/>
        <line num="213" count="1" type="cond" truecount="1" falsecount="1"/>
        <line num="214" count="0" type="stmt"/>
        <line num="218" count="1" type="cond" truecount="1" falsecount="1"/>
        <line num="219" count="1" type="stmt"/>
        <line num="222" count="1" type="stmt"/>
        <line num="224" count="1" type="stmt"/>
        <line num="226" count="0" type="stmt"/>
        <line num="227" count="0" type="stmt"/>
        <line num="232" count="1" type="stmt"/>
        <line num="233" count="1" type="stmt"/>
        <line num="234" count="1" type="stmt"/>
        <line num="236" count="1" type="stmt"/>
        <line num="238" count="1" type="cond" truecount="1" falsecount="1"/>
        <line num="239" count="0" type="stmt"/>
        <line num="242" count="1" type="stmt"/>
        <line num="244" count="1" type="stmt"/>
        <line num="246" count="0" type="stmt"/>
        <line num="247" count="0" type="stmt"/>
        <line num="251" count="1" type="stmt"/>
      </file>
      <file name="books.js" path="C:\Users\mwsou\OneDrive\Documents\servers-databases-LinaAllahham\routes\books.js">
        <metrics statements="62" coveredstatements="42" conditionals="22" coveredconditionals="12" methods="5" coveredmethods="4"/>
        <line num="204" count="1" type="stmt"/>
        <line num="205" count="1" type="stmt"/>
        <line num="206" count="1" type="stmt"/>
        <line num="207" count="1" type="stmt"/>
        <line num="210" count="1" type="stmt"/>
        <line num="211" count="0" type="stmt"/>
        <line num="212" count="0" type="stmt"/>
        <line num="213" count="0" type="stmt"/>
        <line num="215" count="0" type="stmt"/>
        <line num="216" count="0" type="stmt"/>
        <line num="221" count="1" type="stmt"/>
        <line num="222" count="1" type="stmt"/>
        <line num="223" count="1" type="stmt"/>
        <line num="224" count="1" type="stmt"/>
        <line num="226" count="1" type="cond" truecount="1" falsecount="1"/>
        <line num="227" count="0" type="stmt"/>
        <line num="230" count="1" type="stmt"/>
        <line num="232" count="0" type="stmt"/>
        <line num="233" count="0" type="stmt"/>
        <line num="238" count="1" type="stmt"/>
        <line num="239" count="2" type="stmt"/>
        <line num="240" count="2" type="stmt"/>
        <line num="243" count="2" type="cond" truecount="3" falsecount="1"/>
        <line num="244" count="0" type="stmt"/>
        <line num="248" count="2" type="stmt"/>
        <line num="249" count="2" type="cond" truecount="2" falsecount="0"/>
        <line num="250" count="1" type="stmt"/>
        <line num="252" count="1" type="stmt"/>
        <line num="253" count="1" type="cond" truecount="1" falsecount="1"/>
        <line num="254" count="0" type="stmt"/>
        <line num="259" count="2" type="stmt"/>
        <line num="265" count="2" type="stmt"/>
        <line num="267" count="0" type="stmt"/>
        <line num="268" count="0" type="stmt"/>
        <line num="273" count="1" type="stmt"/>
        <line num="274" count="1" type="stmt"/>
        <line num="275" count="1" type="stmt"/>
        <line num="276" count="1" type="stmt"/>
        <line num="278" count="1" type="stmt"/>
        <line num="280" count="1" type="cond" truecount="1" falsecount="1"/>
        <line num="281" count="0" type="stmt"/>
        <line num="285" count="1" type="cond" truecount="1" falsecount="1"/>
        <line num="286" count="1" type="cond" truecount="1" falsecount="1"/>
        <line num="287" count="1" type="cond" truecount="1" falsecount="1"/>
        <line num="288" count="0" type="stmt"/>
        <line num="289" count="0" type="cond" truecount="0" falsecount="2"/>
        <line num="292" count="1" type="stmt"/>
        <line num="303" count="1" type="stmt"/>
        <line num="309" count="1" type="stmt"/>
        <line num="311" count="0" type="stmt"/>
        <line num="312" count="0" type="stmt"/>
        <line num="319" count="1" type="stmt"/>
        <line num="320" count="1" type="stmt"/>
        <line num="321" count="1" type="stmt"/>
        <line num="323" count="1" type="stmt"/>
        <line num="325" count="1" type="cond" truecount="1" falsecount="1"/>
        <line num="326" count="0" type="stmt"/>
        <line num="329" count="1" type="stmt"/>
        <line num="331" count="1" type="stmt"/>
        <line num="333" count="0" type="stmt"/>
        <line num="334" count="0" type="stmt"/>
        <line num="338" count="1" type="stmt"/>
      </file>
      <file name="index.js" path="C:\Users\mwsou\OneDrive\Documents\servers-databases-LinaAllahham\routes\index.js">
        <metrics statements="10" coveredstatements="5" conditionals="0" coveredconditionals="0" methods="1" coveredmethods="0"/>
        <line num="24" count="1" type="stmt"/>
        <line num="25" count="1" type="stmt"/>
        <line num="26" count="1" type="stmt"/>
        <line num="29" count="1" type="stmt"/>
        <line num="30" count="0" type="stmt"/>
        <line num="32" count="0" type="stmt"/>
        <line num="33" count="0" type="stmt"/>
        <line num="35" count="0" type="stmt"/>
        <line num="36" count="0" type="stmt"/>
        <line num="40" count="1" type="stmt"/>
      </file>
    </package>
    <package name="servers-databases-LinaAllahham.utils">
      <metrics statements="3" coveredstatements="2" conditionals="0" coveredconditionals="0" methods="1" coveredmethods="0"/>
      <file name="middlewares.js" path="C:\Users\mwsou\OneDrive\Documents\servers-databases-LinaAllahham\utils\middlewares.js">
        <metrics statements="3" coveredstatements="2" conditionals="0" coveredconditionals="0" methods="1" coveredmethods="0"/>
        <line num="2" count="1" type="stmt"/>
        <line num="4" count="0" type="stmt"/>
        <line num="7" count="1" type="stmt"/>
      </file>
    </package>
  </project>
</coverage>
