{"C:\\Users\\mwsou\\OneDrive\\Documents\\servers-databases-LinaAllahham\\server.js": {"path":"C:\\Users\\mwsou\\OneDrive\\Documents\\servers-databases-LinaAllahham\\server.js","statementMap":{"0":{"start":{"line":1,"column":16},"end":{"line":1,"column":34}},"1":{"start":{"line":2,"column":12},"end":{"line":2,"column":21}},"2":{"start":{"line":3,"column":13},"end":{"line":3,"column":17}},"3":{"start":{"line":4,"column":13},"end":{"line":4,"column":28}},"4":{"start":{"line":6,"column":15},"end":{"line":6,"column":32}},"5":{"start":{"line":7,"column":29},"end":{"line":7,"column":59}},"6":{"start":{"line":14,"column":18},"end":{"line":14,"column":40}},"7":{"start":{"line":15,"column":15},"end":{"line":15,"column":41}},"8":{"start":{"line":16,"column":13},"end":{"line":16,"column":37}},"9":{"start":{"line":20,"column":0},"end":{"line":20,"column":16}},"10":{"start":{"line":22,"column":0},"end":{"line":22,"column":24}},"11":{"start":{"line":26,"column":0},"end":{"line":26,"column":23}},"12":{"start":{"line":30,"column":14},"end":{"line":30,"column":39}},"13":{"start":{"line":34,"column":20},"end":{"line":34,"column":45}},"14":{"start":{"line":35,"column":22},"end":{"line":35,"column":49}},"15":{"start":{"line":38,"column":0},"end":{"line":38,"column":19}},"16":{"start":{"line":42,"column":0},"end":{"line":42,"column":31}},"17":{"start":{"line":43,"column":0},"end":{"line":43,"column":35}},"18":{"start":{"line":50,"column":0},"end":{"line":50,"column":26}},"19":{"start":{"line":56,"column":0},"end":{"line":56,"column":21}},"20":{"start":{"line":62,"column":2},"end":{"line":82,"column":3}},"21":{"start":{"line":63,"column":4},"end":{"line":63,"column":35}},"22":{"start":{"line":64,"column":4},"end":{"line":64,"column":65}},"23":{"start":{"line":74,"column":4},"end":{"line":77,"column":5}},"24":{"start":{"line":75,"column":6},"end":{"line":75,"column":44}},"25":{"start":{"line":76,"column":6},"end":{"line":76,"column":64}},"26":{"start":{"line":81,"column":4},"end":{"line":81,"column":63}},"27":{"start":{"line":86,"column":2},"end":{"line":90,"column":3}},"28":{"start":{"line":87,"column":4},"end":{"line":89,"column":7}},"29":{"start":{"line":88,"column":6},"end":{"line":88,"column":70}},"30":{"start":{"line":95,"column":0},"end":{"line":95,"column":7}}},"fnMap":{"0":{"name":"init","decl":{"start":{"line":60,"column":15},"end":{"line":60,"column":19}},"loc":{"start":{"line":60,"column":22},"end":{"line":93,"column":1}},"line":60},"1":{"name":"(anonymous_1)","decl":{"start":{"line":87,"column":21},"end":{"line":87,"column":22}},"loc":{"start":{"line":87,"column":27},"end":{"line":89,"column":5}},"line":87}},"branchMap":{"0":{"loc":{"start":{"line":74,"column":4},"end":{"line":77,"column":5}},"type":"if","locations":[{"start":{"line":74,"column":4},"end":{"line":77,"column":5}},{"start":{},"end":{}}],"line":74},"1":{"loc":{"start":{"line":86,"column":2},"end":{"line":90,"column":3}},"type":"if","locations":[{"start":{"line":86,"column":2},"end":{"line":90,"column":3}},{"start":{},"end":{}}],"line":86}},"s":{"0":1,"1":1,"2":1,"3":1,"4":1,"5":1,"6":1,"7":1,"8":1,"9":1,"10":1,"11":1,"12":1,"13":1,"14":1,"15":1,"16":1,"17":1,"18":1,"19":1,"20":1,"21":1,"22":1,"23":1,"24":0,"25":0,"26":0,"27":1,"28":0,"29":0,"30":1},"f":{"0":1,"1":0},"b":{"0":[0,1],"1":[0,1]},"_coverageSchema":"1a1c01bbd47fc00a2c39e90264f33305004495a9","hash":"463a9d08cb66f6cdc5d7b1b8082ee52bfa767a19"}
,"C:\\Users\\mwsou\\OneDrive\\Documents\\servers-databases-LinaAllahham\\config\\db.js": {"path":"C:\\Users\\mwsou\\OneDrive\\Documents\\servers-databases-LinaAllahham\\config\\db.js","statementMap":{"0":{"start":{"line":13,"column":22},"end":{"line":13,"column":42}},"1":{"start":{"line":14,"column":0},"end":{"line":14,"column":27}},"2":{"start":{"line":17,"column":18},"end":{"line":27,"column":2}},"3":{"start":{"line":30,"column":0},"end":{"line":30,"column":27}},"4":{"start":{"line":33,"column":0},"end":{"line":33,"column":37}}},"fnMap":{},"branchMap":{},"s":{"0":1,"1":1,"2":1,"3":1,"4":1},"f":{},"b":{},"_coverageSchema":"1a1c01bbd47fc00a2c39e90264f33305004495a9","hash":"7d2472e081655b923325ecf2b329badefa5b5232"}
,"C:\\Users\\mwsou\\OneDrive\\Documents\\servers-databases-LinaAllahham\\models\\Author.js": {"path":"C:\\Users\\mwsou\\OneDrive\\Documents\\servers-databases-LinaAllahham\\models\\Author.js","statementMap":{"0":{"start":{"line":1,"column":22},"end":{"line":1,"column":42}},"1":{"start":{"line":2,"column":18},"end":{"line":2,"column":41}},"2":{"start":{"line":4,"column":15},"end":{"line":17,"column":2}},"3":{"start":{"line":19,"column":0},"end":{"line":19,"column":24}}},"fnMap":{},"branchMap":{},"s":{"0":1,"1":1,"2":1,"3":1},"f":{},"b":{},"_coverageSchema":"1a1c01bbd47fc00a2c39e90264f33305004495a9","hash":"58c98fbb6af909d155b8a15060617ce1cdef5645"}
,"C:\\Users\\mwsou\\OneDrive\\Documents\\servers-databases-LinaAllahham\\models\\Book.js": {"path":"C:\\Users\\mwsou\\OneDrive\\Documents\\servers-databases-LinaAllahham\\models\\Book.js","statementMap":{"0":{"start":{"line":1,"column":22},"end":{"line":1,"column":42}},"1":{"start":{"line":2,"column":18},"end":{"line":2,"column":41}},"2":{"start":{"line":3,"column":15},"end":{"line":3,"column":34}},"3":{"start":{"line":5,"column":13},"end":{"line":38,"column":2}},"4":{"start":{"line":21,"column":20},"end":{"line":21,"column":46}},"5":{"start":{"line":22,"column":6},"end":{"line":22,"column":55}},"6":{"start":{"line":41,"column":0},"end":{"line":41,"column":52}},"7":{"start":{"line":42,"column":0},"end":{"line":42,"column":50}},"8":{"start":{"line":44,"column":0},"end":{"line":44,"column":22}}},"fnMap":{"0":{"name":"(anonymous_0)","decl":{"start":{"line":19,"column":5},"end":{"line":19,"column":6}},"loc":{"start":{"line":19,"column":11},"end":{"line":23,"column":5}},"line":19}},"branchMap":{"0":{"loc":{"start":{"line":22,"column":13},"end":{"line":22,"column":54}},"type":"cond-expr","locations":[{"start":{"line":22,"column":30},"end":{"line":22,"column":47}},{"start":{"line":22,"column":50},"end":{"line":22,"column":54}}],"line":22}},"s":{"0":1,"1":1,"2":1,"3":1,"4":5,"5":5,"6":1,"7":1,"8":1},"f":{"0":5},"b":{"0":[5,0]},"_coverageSchema":"1a1c01bbd47fc00a2c39e90264f33305004495a9","hash":"0192e474f3e9c6f807b2239b65af32a0ed15dd28"}
,"C:\\Users\\mwsou\\OneDrive\\Documents\\servers-databases-LinaAllahham\\routes\\authors.js": {"path":"C:\\Users\\mwsou\\OneDrive\\Documents\\servers-databases-LinaAllahham\\routes\\authors.js","statementMap":{"0":{"start":{"line":150,"column":16},"end":{"line":150,"column":34}},"1":{"start":{"line":151,"column":15},"end":{"line":151,"column":31}},"2":{"start":{"line":152,"column":15},"end":{"line":152,"column":42}},"3":{"start":{"line":155,"column":0},"end":{"line":163,"column":3}},"4":{"start":{"line":156,"column":2},"end":{"line":162,"column":3}},"5":{"start":{"line":157,"column":20},"end":{"line":157,"column":42}},"6":{"start":{"line":158,"column":4},"end":{"line":158,"column":34}},"7":{"start":{"line":160,"column":4},"end":{"line":160,"column":51}},"8":{"start":{"line":161,"column":4},"end":{"line":161,"column":24}},"9":{"start":{"line":166,"column":0},"end":{"line":180,"column":3}},"10":{"start":{"line":167,"column":2},"end":{"line":179,"column":3}},"11":{"start":{"line":168,"column":21},"end":{"line":168,"column":44}},"12":{"start":{"line":169,"column":19},"end":{"line":169,"column":50}},"13":{"start":{"line":171,"column":4},"end":{"line":173,"column":5}},"14":{"start":{"line":172,"column":6},"end":{"line":172,"column":65}},"15":{"start":{"line":175,"column":4},"end":{"line":175,"column":33}},"16":{"start":{"line":177,"column":4},"end":{"line":177,"column":56}},"17":{"start":{"line":178,"column":4},"end":{"line":178,"column":24}},"18":{"start":{"line":183,"column":0},"end":{"line":203,"column":3}},"19":{"start":{"line":184,"column":2},"end":{"line":202,"column":3}},"20":{"start":{"line":185,"column":25},"end":{"line":185,"column":33}},"21":{"start":{"line":188,"column":4},"end":{"line":190,"column":5}},"22":{"start":{"line":189,"column":6},"end":{"line":189,"column":65}},"23":{"start":{"line":193,"column":22},"end":{"line":196,"column":6}},"24":{"start":{"line":198,"column":4},"end":{"line":198,"column":36}},"25":{"start":{"line":200,"column":4},"end":{"line":200,"column":51}},"26":{"start":{"line":201,"column":4},"end":{"line":201,"column":24}},"27":{"start":{"line":206,"column":0},"end":{"line":229,"column":3}},"28":{"start":{"line":207,"column":2},"end":{"line":228,"column":3}},"29":{"start":{"line":208,"column":21},"end":{"line":208,"column":44}},"30":{"start":{"line":209,"column":21},"end":{"line":209,"column":29}},"31":{"start":{"line":211,"column":19},"end":{"line":211,"column":50}},"32":{"start":{"line":213,"column":4},"end":{"line":215,"column":5}},"33":{"start":{"line":214,"column":6},"end":{"line":214,"column":65}},"34":{"start":{"line":218,"column":4},"end":{"line":220,"column":5}},"35":{"start":{"line":219,"column":6},"end":{"line":219,"column":25}},"36":{"start":{"line":222,"column":4},"end":{"line":222,"column":24}},"37":{"start":{"line":224,"column":4},"end":{"line":224,"column":33}},"38":{"start":{"line":226,"column":4},"end":{"line":226,"column":51}},"39":{"start":{"line":227,"column":4},"end":{"line":227,"column":24}},"40":{"start":{"line":232,"column":0},"end":{"line":249,"column":3}},"41":{"start":{"line":233,"column":2},"end":{"line":248,"column":3}},"42":{"start":{"line":234,"column":21},"end":{"line":234,"column":44}},"43":{"start":{"line":236,"column":19},"end":{"line":236,"column":50}},"44":{"start":{"line":238,"column":4},"end":{"line":240,"column":5}},"45":{"start":{"line":239,"column":6},"end":{"line":239,"column":65}},"46":{"start":{"line":242,"column":4},"end":{"line":242,"column":27}},"47":{"start":{"line":244,"column":4},"end":{"line":244,"column":24}},"48":{"start":{"line":246,"column":4},"end":{"line":246,"column":51}},"49":{"start":{"line":247,"column":4},"end":{"line":247,"column":24}},"50":{"start":{"line":251,"column":0},"end":{"line":251,"column":24}}},"fnMap":{"0":{"name":"(anonymous_0)","decl":{"start":{"line":155,"column":16},"end":{"line":155,"column":17}},"loc":{"start":{"line":155,"column":36},"end":{"line":163,"column":1}},"line":155},"1":{"name":"(anonymous_1)","decl":{"start":{"line":166,"column":19},"end":{"line":166,"column":20}},"loc":{"start":{"line":166,"column":39},"end":{"line":180,"column":1}},"line":166},"2":{"name":"(anonymous_2)","decl":{"start":{"line":183,"column":17},"end":{"line":183,"column":18}},"loc":{"start":{"line":183,"column":37},"end":{"line":203,"column":1}},"line":183},"3":{"name":"(anonymous_3)","decl":{"start":{"line":206,"column":19},"end":{"line":206,"column":20}},"loc":{"start":{"line":206,"column":39},"end":{"line":229,"column":1}},"line":206},"4":{"name":"(anonymous_4)","decl":{"start":{"line":232,"column":22},"end":{"line":232,"column":23}},"loc":{"start":{"line":232,"column":42},"end":{"line":249,"column":1}},"line":232}},"branchMap":{"0":{"loc":{"start":{"line":171,"column":4},"end":{"line":173,"column":5}},"type":"if","locations":[{"start":{"line":171,"column":4},"end":{"line":173,"column":5}},{"start":{},"end":{}}],"line":171},"1":{"loc":{"start":{"line":188,"column":4},"end":{"line":190,"column":5}},"type":"if","locations":[{"start":{"line":188,"column":4},"end":{"line":190,"column":5}},{"start":{},"end":{}}],"line":188},"2":{"loc":{"start":{"line":213,"column":4},"end":{"line":215,"column":5}},"type":"if","locations":[{"start":{"line":213,"column":4},"end":{"line":215,"column":5}},{"start":{},"end":{}}],"line":213},"3":{"loc":{"start":{"line":218,"column":4},"end":{"line":220,"column":5}},"type":"if","locations":[{"start":{"line":218,"column":4},"end":{"line":220,"column":5}},{"start":{},"end":{}}],"line":218},"4":{"loc":{"start":{"line":238,"column":4},"end":{"line":240,"column":5}},"type":"if","locations":[{"start":{"line":238,"column":4},"end":{"line":240,"column":5}},{"start":{},"end":{}}],"line":238}},"s":{"0":1,"1":1,"2":1,"3":1,"4":0,"5":0,"6":0,"7":0,"8":0,"9":1,"10":1,"11":1,"12":1,"13":1,"14":0,"15":1,"16":0,"17":0,"18":1,"19":1,"20":1,"21":1,"22":0,"23":1,"24":1,"25":0,"26":0,"27":1,"28":1,"29":1,"30":1,"31":1,"32":1,"33":0,"34":1,"35":1,"36":1,"37":1,"38":0,"39":0,"40":1,"41":1,"42":1,"43":1,"44":1,"45":0,"46":1,"47":1,"48":0,"49":0,"50":1},"f":{"0":0,"1":1,"2":1,"3":1,"4":1},"b":{"0":[0,1],"1":[0,1],"2":[0,1],"3":[1,0],"4":[0,1]},"_coverageSchema":"1a1c01bbd47fc00a2c39e90264f33305004495a9","hash":"83f172516762ebb0ad03d4181457d8ded639c5e8"}
,"C:\\Users\\mwsou\\OneDrive\\Documents\\servers-databases-LinaAllahham\\routes\\books.js": {"path":"C:\\Users\\mwsou\\OneDrive\\Documents\\servers-databases-LinaAllahham\\routes\\books.js","statementMap":{"0":{"start":{"line":204,"column":16},"end":{"line":204,"column":34}},"1":{"start":{"line":205,"column":15},"end":{"line":205,"column":31}},"2":{"start":{"line":206,"column":13},"end":{"line":206,"column":38}},"3":{"start":{"line":207,"column":15},"end":{"line":207,"column":42}},"4":{"start":{"line":210,"column":0},"end":{"line":218,"column":3}},"5":{"start":{"line":211,"column":2},"end":{"line":217,"column":3}},"6":{"start":{"line":212,"column":18},"end":{"line":212,"column":38}},"7":{"start":{"line":213,"column":4},"end":{"line":213,"column":32}},"8":{"start":{"line":215,"column":4},"end":{"line":215,"column":49}},"9":{"start":{"line":216,"column":4},"end":{"line":216,"column":24}},"10":{"start":{"line":221,"column":0},"end":{"line":235,"column":3}},"11":{"start":{"line":222,"column":2},"end":{"line":234,"column":3}},"12":{"start":{"line":223,"column":19},"end":{"line":223,"column":42}},"13":{"start":{"line":224,"column":17},"end":{"line":224,"column":44}},"14":{"start":{"line":226,"column":4},"end":{"line":228,"column":5}},"15":{"start":{"line":227,"column":6},"end":{"line":227,"column":63}},"16":{"start":{"line":230,"column":4},"end":{"line":230,"column":31}},"17":{"start":{"line":232,"column":4},"end":{"line":232,"column":54}},"18":{"start":{"line":233,"column":4},"end":{"line":233,"column":24}},"19":{"start":{"line":238,"column":0},"end":{"line":270,"column":3}},"20":{"start":{"line":239,"column":2},"end":{"line":269,"column":3}},"21":{"start":{"line":240,"column":39},"end":{"line":240,"column":47}},"22":{"start":{"line":243,"column":4},"end":{"line":245,"column":5}},"23":{"start":{"line":244,"column":6},"end":{"line":244,"column":76}},"24":{"start":{"line":248,"column":24},"end":{"line":248,"column":33}},"25":{"start":{"line":249,"column":4},"end":{"line":256,"column":5}},"26":{"start":{"line":250,"column":6},"end":{"line":250,"column":26}},"27":{"start":{"line":252,"column":21},"end":{"line":252,"column":53}},"28":{"start":{"line":253,"column":6},"end":{"line":255,"column":7}},"29":{"start":{"line":254,"column":8},"end":{"line":254,"column":28}},"30":{"start":{"line":259,"column":20},"end":{"line":263,"column":6}},"31":{"start":{"line":265,"column":4},"end":{"line":265,"column":34}},"32":{"start":{"line":267,"column":4},"end":{"line":267,"column":49}},"33":{"start":{"line":268,"column":4},"end":{"line":268,"column":24}},"34":{"start":{"line":273,"column":0},"end":{"line":314,"column":3}},"35":{"start":{"line":274,"column":2},"end":{"line":313,"column":1}},"36":{"start":{"line":275,"column":19},"end":{"line":275,"column":42}},"37":{"start":{"line":276,"column":39},"end":{"line":276,"column":47}},"38":{"start":{"line":278,"column":17},"end":{"line":278,"column":44}},"39":{"start":{"line":280,"column":4},"end":{"line":282,"column":5}},"40":{"start":{"line":281,"column":6},"end":{"line":281,"column":63}},"41":{"start":{"line":285,"column":4},"end":{"line":285,"column":45}},"42":{"start":{"line":285,"column":28},"end":{"line":285,"column":45}},"43":{"start":{"line":286,"column":4},"end":{"line":286,"column":60}},"44":{"start":{"line":286,"column":29},"end":{"line":286,"column":60}},"45":{"start":{"line":287,"column":4},"end":{"line":290,"column":5}},"46":{"start":{"line":288,"column":21},"end":{"line":288,"column":53}},"47":{"start":{"line":289,"column":6},"end":{"line":289,"column":47}},"48":{"start":{"line":292,"column":4},"end":{"line":292,"column":22}},"49":{"start":{"line":303,"column":21},"end":{"line":308,"column":1}},"50":{"start":{"line":309,"column":0},"end":{"line":309,"column":35}},"51":{"start":{"line":311,"column":2},"end":{"line":311,"column":47}},"52":{"start":{"line":312,"column":2},"end":{"line":312,"column":22}},"53":{"start":{"line":319,"column":0},"end":{"line":336,"column":3}},"54":{"start":{"line":320,"column":2},"end":{"line":335,"column":3}},"55":{"start":{"line":321,"column":19},"end":{"line":321,"column":42}},"56":{"start":{"line":323,"column":17},"end":{"line":323,"column":44}},"57":{"start":{"line":325,"column":4},"end":{"line":327,"column":5}},"58":{"start":{"line":326,"column":6},"end":{"line":326,"column":63}},"59":{"start":{"line":329,"column":4},"end":{"line":329,"column":25}},"60":{"start":{"line":331,"column":4},"end":{"line":331,"column":24}},"61":{"start":{"line":333,"column":4},"end":{"line":333,"column":49}},"62":{"start":{"line":334,"column":4},"end":{"line":334,"column":24}},"63":{"start":{"line":338,"column":0},"end":{"line":338,"column":24}}},"fnMap":{"0":{"name":"(anonymous_0)","decl":{"start":{"line":210,"column":16},"end":{"line":210,"column":17}},"loc":{"start":{"line":210,"column":36},"end":{"line":218,"column":1}},"line":210},"1":{"name":"(anonymous_1)","decl":{"start":{"line":221,"column":19},"end":{"line":221,"column":20}},"loc":{"start":{"line":221,"column":39},"end":{"line":235,"column":1}},"line":221},"2":{"name":"(anonymous_2)","decl":{"start":{"line":238,"column":17},"end":{"line":238,"column":18}},"loc":{"start":{"line":238,"column":37},"end":{"line":270,"column":1}},"line":238},"3":{"name":"(anonymous_3)","decl":{"start":{"line":273,"column":19},"end":{"line":273,"column":20}},"loc":{"start":{"line":273,"column":39},"end":{"line":314,"column":1}},"line":273},"4":{"name":"(anonymous_4)","decl":{"start":{"line":319,"column":22},"end":{"line":319,"column":23}},"loc":{"start":{"line":319,"column":42},"end":{"line":336,"column":1}},"line":319}},"branchMap":{"0":{"loc":{"start":{"line":226,"column":4},"end":{"line":228,"column":5}},"type":"if","locations":[{"start":{"line":226,"column":4},"end":{"line":228,"column":5}},{"start":{},"end":{}}],"line":226},"1":{"loc":{"start":{"line":243,"column":4},"end":{"line":245,"column":5}},"type":"if","locations":[{"start":{"line":243,"column":4},"end":{"line":245,"column":5}},{"start":{},"end":{}}],"line":243},"2":{"loc":{"start":{"line":243,"column":8},"end":{"line":243,"column":36}},"type":"binary-expr","locations":[{"start":{"line":243,"column":8},"end":{"line":243,"column":13}},{"start":{"line":243,"column":17},"end":{"line":243,"column":36}}],"line":243},"3":{"loc":{"start":{"line":249,"column":4},"end":{"line":256,"column":5}},"type":"if","locations":[{"start":{"line":249,"column":4},"end":{"line":256,"column":5}},{"start":{"line":251,"column":11},"end":{"line":256,"column":5}}],"line":249},"4":{"loc":{"start":{"line":253,"column":6},"end":{"line":255,"column":7}},"type":"if","locations":[{"start":{"line":253,"column":6},"end":{"line":255,"column":7}},{"start":{},"end":{}}],"line":253},"5":{"loc":{"start":{"line":280,"column":4},"end":{"line":282,"column":5}},"type":"if","locations":[{"start":{"line":280,"column":4},"end":{"line":282,"column":5}},{"start":{},"end":{}}],"line":280},"6":{"loc":{"start":{"line":285,"column":4},"end":{"line":285,"column":45}},"type":"if","locations":[{"start":{"line":285,"column":4},"end":{"line":285,"column":45}},{"start":{},"end":{}}],"line":285},"7":{"loc":{"start":{"line":286,"column":4},"end":{"line":286,"column":60}},"type":"if","locations":[{"start":{"line":286,"column":4},"end":{"line":286,"column":60}},{"start":{},"end":{}}],"line":286},"8":{"loc":{"start":{"line":287,"column":4},"end":{"line":290,"column":5}},"type":"if","locations":[{"start":{"line":287,"column":4},"end":{"line":290,"column":5}},{"start":{},"end":{}}],"line":287},"9":{"loc":{"start":{"line":289,"column":23},"end":{"line":289,"column":46}},"type":"cond-expr","locations":[{"start":{"line":289,"column":32},"end":{"line":289,"column":41}},{"start":{"line":289,"column":44},"end":{"line":289,"column":46}}],"line":289},"10":{"loc":{"start":{"line":325,"column":4},"end":{"line":327,"column":5}},"type":"if","locations":[{"start":{"line":325,"column":4},"end":{"line":327,"column":5}},{"start":{},"end":{}}],"line":325}},"s":{"0":1,"1":1,"2":1,"3":1,"4":1,"5":0,"6":0,"7":0,"8":0,"9":0,"10":1,"11":1,"12":1,"13":1,"14":1,"15":0,"16":1,"17":0,"18":0,"19":1,"20":2,"21":2,"22":2,"23":0,"24":2,"25":2,"26":1,"27":1,"28":1,"29":0,"30":2,"31":2,"32":0,"33":0,"34":1,"35":1,"36":1,"37":1,"38":1,"39":1,"40":0,"41":1,"42":0,"43":1,"44":1,"45":1,"46":0,"47":0,"48":1,"49":1,"50":1,"51":0,"52":0,"53":1,"54":1,"55":1,"56":1,"57":1,"58":0,"59":1,"60":1,"61":0,"62":0,"63":1},"f":{"0":0,"1":1,"2":2,"3":1,"4":1},"b":{"0":[0,1],"1":[0,2],"2":[2,2],"3":[1,1],"4":[0,1],"5":[0,1],"6":[0,1],"7":[1,0],"8":[0,1],"9":[0,0],"10":[0,1]},"_coverageSchema":"1a1c01bbd47fc00a2c39e90264f33305004495a9","hash":"1a57130916104c824610bf6a775b25a0af226df3"}
,"C:\\Users\\mwsou\\OneDrive\\Documents\\servers-databases-LinaAllahham\\routes\\index.js": {"path":"C:\\Users\\mwsou\\OneDrive\\Documents\\servers-databases-LinaAllahham\\routes\\index.js","statementMap":{"0":{"start":{"line":24,"column":16},"end":{"line":24,"column":34}},"1":{"start":{"line":25,"column":15},"end":{"line":25,"column":31}},"2":{"start":{"line":26,"column":18},"end":{"line":26,"column":41}},"3":{"start":{"line":29,"column":0},"end":{"line":38,"column":3}},"4":{"start":{"line":30,"column":2},"end":{"line":37,"column":3}},"5":{"start":{"line":32,"column":19},"end":{"line":32,"column":56}},"6":{"start":{"line":33,"column":4},"end":{"line":33,"column":47}},"7":{"start":{"line":35,"column":4},"end":{"line":35,"column":54}},"8":{"start":{"line":36,"column":4},"end":{"line":36,"column":55}},"9":{"start":{"line":40,"column":0},"end":{"line":40,"column":24}}},"fnMap":{"0":{"name":"(anonymous_0)","decl":{"start":{"line":29,"column":16},"end":{"line":29,"column":17}},"loc":{"start":{"line":29,"column":36},"end":{"line":38,"column":1}},"line":29}},"branchMap":{},"s":{"0":1,"1":1,"2":1,"3":1,"4":0,"5":0,"6":0,"7":0,"8":0,"9":1},"f":{"0":0},"b":{},"_coverageSchema":"1a1c01bbd47fc00a2c39e90264f33305004495a9","hash":"07cdd38e67d3ab09d208b6440dc2aafe1480aafc"}
,"C:\\Users\\mwsou\\OneDrive\\Documents\\servers-databases-LinaAllahham\\utils\\middlewares.js": {"path":"C:\\Users\\mwsou\\OneDrive\\Documents\\servers-databases-LinaAllahham\\utils\\middlewares.js","statementMap":{"0":{"start":{"line":2,"column":25},"end":{"line":5,"column":1}},"1":{"start":{"line":4,"column":2},"end":{"line":4,"column":56}},"2":{"start":{"line":7,"column":0},"end":{"line":9,"column":2}}},"fnMap":{"0":{"name":"(anonymous_0)","decl":{"start":{"line":2,"column":25},"end":{"line":2,"column":26}},"loc":{"start":{"line":2,"column":39},"end":{"line":5,"column":1}},"line":2}},"branchMap":{},"s":{"0":1,"1":0,"2":1},"f":{"0":0},"b":{},"_coverageSchema":"1a1c01bbd47fc00a2c39e90264f33305004495a9","hash":"59df90e8eff130d6c29d8199e1b4d44d22fda2ed"}
}
