TN:
SF:server.js
FN:60,init
FN:87,(anonymous_1)
FNF:2
FNH:1
FNDA:1,init
FNDA:0,(anonymous_1)
DA:1,1
DA:2,1
DA:3,1
DA:4,1
DA:6,1
DA:7,1
DA:14,1
DA:15,1
DA:16,1
DA:20,1
DA:22,1
DA:26,1
DA:30,1
DA:34,1
DA:35,1
DA:38,1
DA:42,1
DA:43,1
DA:50,1
DA:56,1
DA:62,1
DA:63,1
DA:64,1
DA:74,1
DA:75,0
DA:76,0
DA:81,0
DA:86,1
DA:87,0
DA:88,0
DA:95,1
LF:31
LH:26
BRDA:74,0,0,0
BRDA:74,0,1,1
BRDA:86,1,0,0
BRDA:86,1,1,1
BRF:4
BRH:2
end_of_record
TN:
SF:config\db.js
FNF:0
FNH:0
DA:13,1
DA:14,1
DA:17,1
DA:30,1
DA:33,1
LF:5
LH:5
BRF:0
BRH:0
end_of_record
TN:
SF:models\Author.js
FNF:0
FNH:0
DA:1,1
DA:2,1
DA:4,1
DA:19,1
LF:4
LH:4
BRF:0
BRH:0
end_of_record
TN:
SF:models\Book.js
FN:19,(anonymous_0)
FNF:1
FNH:1
FNDA:5,(anonymous_0)
DA:1,1
DA:2,1
DA:3,1
DA:5,1
DA:21,5
DA:22,5
DA:41,1
DA:42,1
DA:44,1
LF:9
LH:9
BRDA:22,0,0,5
BRDA:22,0,1,0
BRF:2
BRH:1
end_of_record
TN:
SF:routes\authors.js
FN:155,(anonymous_0)
FN:166,(anonymous_1)
FN:183,(anonymous_2)
FN:206,(anonymous_3)
FN:232,(anonymous_4)
FNF:5
FNH:4
FNDA:0,(anonymous_0)
FNDA:1,(anonymous_1)
FNDA:1,(anonymous_2)
FNDA:1,(anonymous_3)
FNDA:1,(anonymous_4)
DA:150,1
DA:151,1
DA:152,1
DA:155,1
DA:156,0
DA:157,0
DA:158,0
DA:160,0
DA:161,0
DA:166,1
DA:167,1
DA:168,1
DA:169,1
DA:171,1
DA:172,0
DA:175,1
DA:177,0
DA:178,0
DA:183,1
DA:184,1
DA:185,1
DA:188,1
DA:189,0
DA:193,1
DA:198,1
DA:200,0
DA:201,0
DA:206,1
DA:207,1
DA:208,1
DA:209,1
DA:211,1
DA:213,1
DA:214,0
DA:218,1
DA:219,1
DA:222,1
DA:224,1
DA:226,0
DA:227,0
DA:232,1
DA:233,1
DA:234,1
DA:236,1
DA:238,1
DA:239,0
DA:242,1
DA:244,1
DA:246,0
DA:247,0
DA:251,1
LF:51
LH:34
BRDA:171,0,0,0
BRDA:171,0,1,1
BRDA:188,1,0,0
BRDA:188,1,1,1
BRDA:213,2,0,0
BRDA:213,2,1,1
BRDA:218,3,0,1
BRDA:218,3,1,0
BRDA:238,4,0,0
BRDA:238,4,1,1
BRF:10
BRH:5
end_of_record
TN:
SF:routes\books.js
FN:210,(anonymous_0)
FN:221,(anonymous_1)
FN:238,(anonymous_2)
FN:273,(anonymous_3)
FN:319,(anonymous_4)
FNF:5
FNH:4
FNDA:0,(anonymous_0)
FNDA:1,(anonymous_1)
FNDA:2,(anonymous_2)
FNDA:1,(anonymous_3)
FNDA:1,(anonymous_4)
DA:204,1
DA:205,1
DA:206,1
DA:207,1
DA:210,1
DA:211,0
DA:212,0
DA:213,0
DA:215,0
DA:216,0
DA:221,1
DA:222,1
DA:223,1
DA:224,1
DA:226,1
DA:227,0
DA:230,1
DA:232,0
DA:233,0
DA:238,1
DA:239,2
DA:240,2
DA:243,2
DA:244,0
DA:248,2
DA:249,2
DA:250,1
DA:252,1
DA:253,1
DA:254,0
DA:259,2
DA:265,2
DA:267,0
DA:268,0
DA:273,1
DA:274,1
DA:275,1
DA:276,1
DA:278,1
DA:280,1
DA:281,0
DA:285,1
DA:286,1
DA:287,1
DA:288,0
DA:289,0
DA:292,1
DA:303,1
DA:309,1
DA:311,0
DA:312,0
DA:319,1
DA:320,1
DA:321,1
DA:323,1
DA:325,1
DA:326,0
DA:329,1
DA:331,1
DA:333,0
DA:334,0
DA:338,1
LF:62
LH:42
BRDA:226,0,0,0
BRDA:226,0,1,1
BRDA:243,1,0,0
BRDA:243,1,1,2
BRDA:243,2,0,2
BRDA:243,2,1,2
BRDA:249,3,0,1
BRDA:249,3,1,1
BRDA:253,4,0,0
BRDA:253,4,1,1
BRDA:280,5,0,0
BRDA:280,5,1,1
BRDA:285,6,0,0
BRDA:285,6,1,1
BRDA:286,7,0,1
BRDA:286,7,1,0
BRDA:287,8,0,0
BRDA:287,8,1,1
BRDA:289,9,0,0
BRDA:289,9,1,0
BRDA:325,10,0,0
BRDA:325,10,1,1
BRF:22
BRH:12
end_of_record
TN:
SF:routes\index.js
FN:29,(anonymous_0)
FNF:1
FNH:0
FNDA:0,(anonymous_0)
DA:24,1
DA:25,1
DA:26,1
DA:29,1
DA:30,0
DA:32,0
DA:33,0
DA:35,0
DA:36,0
DA:40,1
LF:10
LH:5
BRF:0
BRH:0
end_of_record
TN:
SF:utils\middlewares.js
FN:2,(anonymous_0)
FNF:1
FNH:0
FNDA:0,(anonymous_0)
DA:2,1
DA:4,0
DA:7,1
LF:3
LH:2
BRF:0
BRH:0
end_of_record
